#
# There is insufficient memory for the Java Runtime Environment to continue.
# Native memory allocation (malloc) failed to allocate 131088 bytes for Chunk::new
# Possible reasons:
#   The system is out of physical RAM or swap space
#   The process is running with CompressedOops enabled, and the Java Heap may be blocking the growth of the native heap
# Possible solutions:
#   Reduce memory load on the system
#   Increase physical memory or swap space
#   Check if swap backing store is full
#   Decrease Java heap size (-Xmx/-Xms)
#   Decrease number of Java threads
#   Decrease Java thread stack sizes (-Xss)
#   Set larger code cache with -XX:ReservedCodeCacheSize=
#   JVM is running with Unscaled Compressed Oops mode in which the Java heap is
#     placed in the first 4GB address space. The Java Heap base address is the
#     maximum limit for the native heap growth. Please use -XX:HeapBaseMinAddress
#     to set the Java Heap base and to place the Java Heap above 4GB virtual address.
# This output file may be truncated or incomplete.
#
#  Out of Memory Error (allocation.cpp:389), pid=7508, tid=0x000000000000397c
#
# JRE version: OpenJDK Runtime Environment (8.0_242-b01) (build 1.8.0_242-release-1644-b01)
# Java VM: OpenJDK 64-Bit Server VM (25.242-b01 mixed mode windows-amd64 compressed oops)
# Failed to write core dump. Minidumps are not enabled by default on client versions of Windows
#

---------------  T H R E A D  ---------------

Current thread (0x00000000179a1000):  JavaThread "C2 CompilerThread1" daemon [_thread_in_native, id=14716, stack(0x0000000019100000,0x0000000019200000)]

Stack: [0x0000000019100000,0x0000000019200000]
[error occurred during error reporting (printing stack bounds), id 0xc0000005]

Native frames: (J=compiled Java code, j=interpreted, Vv=VM code, C=native code)


Current CompileTask:
C2:  91171 9239   !   4       java.io.ObjectInputStream::readSerialData (367 bytes)


---------------  P R O C E S S  ---------------

Java Threads: ( => current thread )
  0x000000001a1e8800 JavaThread "stdout" [_thread_in_native, id=13816, stack(0x0000000022e10000,0x0000000022f10000)]
  0x000000001a1e7000 JavaThread "stderr" [_thread_in_native, id=14588, stack(0x0000000022d10000,0x0000000022e10000)]
  0x000000001a1e4800 JavaThread "stdout" [_thread_in_native, id=1572, stack(0x0000000022c10000,0x0000000022d10000)]
  0x000000001a1e7800 JavaThread "stderr" [_thread_in_native, id=5156, stack(0x0000000022b10000,0x0000000022c10000)]
  0x000000001a1ea000 JavaThread "stdout" [_thread_in_native, id=10928, stack(0x0000000022a10000,0x0000000022b10000)]
  0x000000001a1e9000 JavaThread "stderr" [_thread_in_native, id=5032, stack(0x0000000022910000,0x0000000022a10000)]
  0x000000001a1eb800 JavaThread "stdout" [_thread_in_native, id=15752, stack(0x0000000022810000,0x0000000022910000)]
  0x000000001a1ea800 JavaThread "stderr" [_thread_in_native, id=14200, stack(0x00000000206c0000,0x00000000207c0000)]
  0x000000001b6df800 JavaThread "pool-2-thread-1" [_thread_blocked, id=696, stack(0x000000002b7b0000,0x000000002b8b0000)]
  0x000000001b6e1800 JavaThread "WorkerExecutor Queue Thread 5" [_thread_blocked, id=13884, stack(0x000000002bfb0000,0x000000002c0b0000)]
  0x000000001b6da000 JavaThread "MarlinRenderer Disposer" daemon [_thread_blocked, id=5848, stack(0x000000002beb0000,0x000000002bfb0000)]
  0x000000001b6de800 JavaThread "Java2D Disposer" daemon [_thread_blocked, id=17768, stack(0x000000002bdb0000,0x000000002beb0000)]
  0x000000001b6e1000 JavaThread "WorkerExecutor Queue Thread 3" [_thread_blocked, id=4336, stack(0x000000002b2c0000,0x000000002b3c0000)]
  0x000000001b6db800 JavaThread "WorkerExecutor Queue Thread 2" [_thread_blocked, id=6720, stack(0x000000001d320000,0x000000001d420000)]
  0x000000001b6dd000 JavaThread "WorkerExecutor Queue" [_thread_blocked, id=7948, stack(0x0000000001230000,0x0000000001330000)]
  0x000000001b6db000 JavaThread "Cache worker for execution history cache (E:\Work-3.5\My\ShopManagmentSOC\.gradle\6.5\executionHistory)" [_thread_blocked, id=7308, stack(0x000000002b6b0000,0x000000002b7b0000)]
  0x000000001b6de000 JavaThread "Execution worker for ':' Thread 3" [_thread_blocked, id=15332, stack(0x000000002b5b0000,0x000000002b6b0000)]
  0x000000001a1ed000 JavaThread "Execution worker for ':' Thread 2" [_thread_blocked, id=16516, stack(0x000000002b4b0000,0x000000002b5b0000)]
  0x000000001a1f2000 JavaThread "Execution worker for ':'" [_thread_blocked, id=18308, stack(0x000000002a110000,0x000000002a210000)]
  0x000000001a1f3800 JavaThread "Cache worker for file content cache (E:\Work-3.5\My\ShopManagmentSOC\.gradle\6.5\fileContent)" [_thread_blocked, id=12428, stack(0x0000000029810000,0x0000000029910000)]
  0x000000001a1f0000 JavaThread "Memory manager" [_thread_blocked, id=11176, stack(0x0000000029b50000,0x0000000029c50000)]
  0x000000001a1f3000 JavaThread "pool-1-thread-1" [_thread_blocked, id=11732, stack(0x0000000028910000,0x0000000028a10000)]
  0x000000001a1ed800 JavaThread "Cache worker for Build Output Cleanup Cache (E:\Work-3.5\My\ShopManagmentSOC\.gradle\buildOutputCleanup)" [_thread_blocked, id=5092, stack(0x0000000028610000,0x0000000028710000)]
  0x000000001a1f0800 JavaThread "jar transforms Thread 92" [_thread_blocked, id=5304, stack(0x0000000028310000,0x0000000028410000)]
  0x000000001dd73800 JavaThread "Build operations Thread 4" [_thread_blocked, id=16976, stack(0x0000000022710000,0x0000000022810000)]
  0x000000001dd76800 JavaThread "Build operations Thread 3" [_thread_blocked, id=7740, stack(0x0000000022610000,0x0000000022710000)]
  0x000000001dd6e000 JavaThread "Build operations Thread 2" [_thread_blocked, id=17584, stack(0x0000000022510000,0x0000000022610000)]
  0x000000001dd72800 JavaThread "Build operations" [_thread_blocked, id=9184, stack(0x0000000022410000,0x0000000022510000)]
  0x000000001b4bf800 JavaThread "Cache worker for file content cache (C:\Users\DhaliAbir\.gradle\caches\6.5\fileContent)" [_thread_blocked, id=12360, stack(0x0000000020a70000,0x0000000020b70000)]
  0x000000001b4c3000 JavaThread "Cache worker for execution history cache (C:\Users\DhaliAbir\.gradle\caches\6.5\executionHistory)" [_thread_blocked, id=16824, stack(0x000000001f3f0000,0x000000001f4f0000)]
  0x000000001b4bd000 JavaThread "Cache worker for cache directory md-rule (C:\Users\DhaliAbir\.gradle\caches\6.5\md-rule)" [_thread_blocked, id=1692, stack(0x000000001f2f0000,0x000000001f3f0000)]
  0x000000001b4be000 JavaThread "Cache worker for cache directory md-supplier (C:\Users\DhaliAbir\.gradle\caches\6.5\md-supplier)" [_thread_blocked, id=10772, stack(0x000000001f1f0000,0x000000001f2f0000)]
  0x000000001b4c2800 JavaThread "Cache worker for checksums cache (E:\Work-3.5\My\ShopManagmentSOC\.gradle\checksums)" [_thread_blocked, id=8176, stack(0x000000001f0f0000,0x000000001f1f0000)]
  0x000000001b4c1000 JavaThread "Cache worker for file hash cache (E:\Work-3.5\My\ShopManagmentSOC\.gradle\6.5\fileHashes)" [_thread_blocked, id=10204, stack(0x000000001edf0000,0x000000001eef0000)]
  0x000000001b4be800 JavaThread "Cache worker for file hash cache (C:\Users\DhaliAbir\.gradle\caches\6.5\fileHashes)" [_thread_blocked, id=2772, stack(0x000000001e8f0000,0x000000001e9f0000)]
  0x000000001b4bc800 JavaThread "File lock request listener" [_thread_in_native, id=18192, stack(0x000000001d820000,0x000000001d920000)]
  0x000000001b3e9000 JavaThread "Cache worker for journal cache (C:\Users\DhaliAbir\.gradle\caches\journal-1)" [_thread_blocked, id=7416, stack(0x000000001d720000,0x000000001d820000)]
  0x00000000196ed800 JavaThread "Thread-9" [_thread_blocked, id=2592, stack(0x000000001d420000,0x000000001d520000)]
  0x0000000019983000 JavaThread "Asynchronous log dispatcher for DefaultDaemonConnection: socket connection from /127.0.0.1:62600 to /127.0.0.1:62601" [_thread_blocked, id=5348, stack(0x000000001d220000,0x000000001d320000)]
  0x000000001b40a800 JavaThread "Daemon worker" [_thread_blocked, id=14424, stack(0x000000001d120000,0x000000001d220000)]
  0x00000000196ee800 JavaThread "Cancel handler" [_thread_blocked, id=7988, stack(0x000000001d020000,0x000000001d120000)]
  0x000000001b3bf000 JavaThread "Handler for socket connection from /127.0.0.1:62600 to /127.0.0.1:62601" [_thread_in_native, id=3008, stack(0x000000001cf20000,0x000000001d020000)]
  0x000000001b255000 JavaThread "Daemon" [_thread_blocked, id=16028, stack(0x000000001ce20000,0x000000001cf20000)]
  0x000000001b249800 JavaThread "Daemon periodic checks" [_thread_blocked, id=7108, stack(0x000000001cb20000,0x000000001cc20000)]
  0x000000001b244000 JavaThread "Incoming local TCP Connector on port 62600" [_thread_in_native, id=16548, stack(0x000000001c8e0000,0x000000001c9e0000)]
  0x00000000193bb000 JavaThread "Daemon health stats" [_thread_blocked, id=15500, stack(0x000000001c2a0000,0x000000001c3a0000)]
  0x0000000019330800 JavaThread "Service Thread" daemon [_thread_blocked, id=18316, stack(0x0000000019700000,0x0000000019800000)]
  0x00000000179a4000 JavaThread "C1 CompilerThread2" daemon [_thread_blocked, id=15768, stack(0x0000000019200000,0x0000000019300000)]
=>0x00000000179a1000 JavaThread "C2 CompilerThread1" daemon [_thread_in_native, id=14716, stack(0x0000000019100000,0x0000000019200000)]
  0x0000000017996800 JavaThread "C2 CompilerThread0" daemon [_thread_in_native, id=15512, stack(0x0000000019000000,0x0000000019100000)]
  0x0000000017995000 JavaThread "Attach Listener" daemon [_thread_blocked, id=4528, stack(0x0000000018f00000,0x0000000019000000)]
  0x0000000017994000 JavaThread "Signal Dispatcher" daemon [_thread_blocked, id=18388, stack(0x0000000018e00000,0x0000000018f00000)]
  0x0000000002d6c800 JavaThread "Finalizer" daemon [_thread_blocked, id=528, stack(0x0000000018bf0000,0x0000000018cf0000)]
  0x0000000017979000 JavaThread "Reference Handler" daemon [_thread_blocked, id=12316, stack(0x0000000018af0000,0x0000000018bf0000)]
  0x0000000000bee800 JavaThread "main" [_thread_blocked, id=16692, stack(0x0000000002b70000,0x0000000002c70000)]

Other Threads:
  0x0000000017956800 VMThread [stack: 0x00000000189f0000,0x0000000018af0000] [id=16372]
  0x00000000179ee800 WatcherThread [stack: 0x0000000019800000,0x0000000019900000] [id=13592]

VM state:not at safepoint (normal execution)

VM Mutex/Monitor currently owned by a thread: None

heap address: 0x0000000080000000, size: 2048 MB, Compressed Oops mode: 32-bit
Narrow klass base: 0x0000000000000000, Narrow klass shift: 3
Compressed class space size: 1073741824 Address: 0x0000000100000000

Heap:
 PSYoungGen      total 182272K, used 57164K [0x00000000d5580000, 0x00000000e2c80000, 0x0000000100000000)
  eden space 154624K, 36% used [0x00000000d5580000,0x00000000d8d53290,0x00000000dec80000)
  from space 27648K, 0% used [0x00000000dec80000,0x00000000dec80000,0x00000000e0780000)
  to   space 18944K, 0% used [0x00000000e0780000,0x00000000e0780000,0x00000000e1a00000)
 ParOldGen       total 186368K, used 104627K [0x0000000080000000, 0x000000008b600000, 0x00000000d5580000)
  object space 186368K, 56% used [0x0000000080000000,0x000000008662cc38,0x000000008b600000)
 Metaspace       used 68396K, capacity 71466K, committed 71896K, reserved 1112064K
  class space    used 9256K, capacity 9878K, committed 9984K, reserved 1048576K

Card table byte_map: [0x0000000012130000,0x0000000012540000] byte_map_base: 0x0000000011d30000

Marking Bits: (ParMarkBitMap*) 0x0000000056eef030
 Begin Bits: [0x0000000012bf0000, 0x0000000014bf0000)
 End Bits:   [0x0000000014bf0000, 0x0000000016bf0000)

Polling page: 0x0000000001350000

CodeCache: size=245760Kb used=25647Kb max_used=26145Kb free=220112Kb
 bounds [0x0000000002d70000, 0x0000000004750000, 0x0000000011d70000]
 total_blobs=8758 nmethods=7845 adapters=825
 compilation: enabled

Compilation events (10 events):
Event: 90.843 Thread 0x00000000179a4000 nmethod 9270 0x0000000003895510 code [0x0000000003895680, 0x0000000003895968]
Event: 90.843 Thread 0x00000000179a4000 9271       3       com.google.common.collect.ImmutableList::listIterator (6 bytes)
Event: 90.843 Thread 0x00000000179a4000 nmethod 9271 0x0000000003895090 code [0x0000000003895200, 0x0000000003895428]
Event: 90.867 Thread 0x00000000179a4000 9272       3       com.google.common.util.concurrent.AbstractFuture::complete (104 bytes)
Event: 90.869 Thread 0x00000000179a4000 nmethod 9272 0x0000000003ffcfd0 code [0x0000000003ffd1a0, 0x0000000003ffd958]
Event: 90.869 Thread 0x00000000179a4000 9273       3       com.google.common.collect.RegularImmutableList::listIterator (15 bytes)
Event: 90.869 Thread 0x00000000179a4000 nmethod 9273 0x0000000003ffcbd0 code [0x0000000003ffcd40, 0x0000000003ffcee8]
Event: 90.873 Thread 0x0000000017996800 nmethod 9241 0x0000000003b3a950 code [0x0000000003b3ab80, 0x0000000003b3bb70]
Event: 90.873 Thread 0x0000000017996800 9234       4       java.io.ObjectInputStream::checkResolve (86 bytes)
Event: 90.874 Thread 0x0000000017996800 nmethod 9234 0x00000000034a2990 code [0x00000000034a2ac0, 0x00000000034a2b38]

GC Heap History (10 events):
Event: 64.445 GC heap before
{Heap before GC invocations=18 (full 3):
 PSYoungGen      total 152064K, used 135680K [0x00000000d5580000, 0x00000000e0980000, 0x0000000100000000)
  eden space 135680K, 100% used [0x00000000d5580000,0x00000000dda00000,0x00000000dda00000)
  from space 16384K, 0% used [0x00000000deb80000,0x00000000deb80000,0x00000000dfb80000)
  to   space 17920K, 0% used [0x00000000dda00000,0x00000000dda00000,0x00000000deb80000)
 ParOldGen       total 122880K, used 36418K [0x0000000080000000, 0x0000000087800000, 0x00000000d5580000)
  object space 122880K, 29% used [0x0000000080000000,0x0000000082390a60,0x0000000087800000)
 Metaspace       used 63154K, capacity 66048K, committed 66136K, reserved 1105920K
  class space    used 8745K, capacity 9287K, committed 9344K, reserved 1048576K
Event: 64.470 GC heap after
Heap after GC invocations=18 (full 3):
 PSYoungGen      total 153600K, used 13694K [0x00000000d5580000, 0x00000000e1a00000, 0x0000000100000000)
  eden space 135680K, 0% used [0x00000000d5580000,0x00000000d5580000,0x00000000dda00000)
  from space 17920K, 76% used [0x00000000dda00000,0x00000000de75fb48,0x00000000deb80000)
  to   space 18944K, 0% used [0x00000000e0780000,0x00000000e0780000,0x00000000e1a00000)
 ParOldGen       total 122880K, used 36426K [0x0000000080000000, 0x0000000087800000, 0x00000000d5580000)
  object space 122880K, 29% used [0x0000000080000000,0x0000000082392a60,0x0000000087800000)
 Metaspace       used 63154K, capacity 66048K, committed 66136K, reserved 1105920K
  class space    used 8745K, capacity 9287K, committed 9344K, reserved 1048576K
}
Event: 71.035 GC heap before
{Heap before GC invocations=19 (full 3):
 PSYoungGen      total 153600K, used 149052K [0x00000000d5580000, 0x00000000e1a00000, 0x0000000100000000)
  eden space 135680K, 99% used [0x00000000d5580000,0x00000000dd9af588,0x00000000dda00000)
  from space 17920K, 76% used [0x00000000dda00000,0x00000000de75fb48,0x00000000deb80000)
  to   space 18944K, 0% used [0x00000000e0780000,0x00000000e0780000,0x00000000e1a00000)
 ParOldGen       total 122880K, used 36426K [0x0000000080000000, 0x0000000087800000, 0x00000000d5580000)
  object space 122880K, 29% used [0x0000000080000000,0x0000000082392a60,0x0000000087800000)
 Metaspace       used 65669K, capacity 68748K, committed 69080K, reserved 1107968K
  class space    used 9005K, capacity 9607K, committed 9728K, reserved 1048576K
Event: 71.142 GC heap after
Heap after GC invocations=19 (full 3):
 PSYoungGen      total 173568K, used 18913K [0x00000000d5580000, 0x00000000e2c80000, 0x0000000100000000)
  eden space 154624K, 0% used [0x00000000d5580000,0x00000000d5580000,0x00000000dec80000)
  from space 18944K, 99% used [0x00000000e0780000,0x00000000e19f8540,0x00000000e1a00000)
  to   space 27648K, 0% used [0x00000000dec80000,0x00000000dec80000,0x00000000e0780000)
 ParOldGen       total 122880K, used 51705K [0x0000000080000000, 0x0000000087800000, 0x00000000d5580000)
  object space 122880K, 42% used [0x0000000080000000,0x000000008327e578,0x0000000087800000)
 Metaspace       used 65669K, capacity 68748K, committed 69080K, reserved 1107968K
  class space    used 9005K, capacity 9607K, committed 9728K, reserved 1048576K
}
Event: 74.654 GC heap before
{Heap before GC invocations=20 (full 3):
 PSYoungGen      total 173568K, used 173537K [0x00000000d5580000, 0x00000000e2c80000, 0x0000000100000000)
  eden space 154624K, 100% used [0x00000000d5580000,0x00000000dec80000,0x00000000dec80000)
  from space 18944K, 99% used [0x00000000e0780000,0x00000000e19f8540,0x00000000e1a00000)
  to   space 27648K, 0% used [0x00000000dec80000,0x00000000dec80000,0x00000000e0780000)
 ParOldGen       total 122880K, used 51718K [0x0000000080000000, 0x0000000087800000, 0x00000000d5580000)
  object space 122880K, 42% used [0x0000000080000000,0x0000000083281840,0x0000000087800000)
 Metaspace       used 68038K, capacity 71148K, committed 71256K, reserved 1110016K
  class space    used 9234K, capacity 9843K, committed 9856K, reserved 1048576K
Event: 75.766 GC heap after
Heap after GC invocations=20 (full 3):
 PSYoungGen      total 182272K, used 18671K [0x00000000d5580000, 0x00000000e2c80000, 0x0000000100000000)
  eden space 154624K, 0% used [0x00000000d5580000,0x00000000d5580000,0x00000000dec80000)
  from space 27648K, 67% used [0x00000000dec80000,0x00000000dfebbf18,0x00000000e0780000)
  to   space 18944K, 0% used [0x00000000e0780000,0x00000000e0780000,0x00000000e1a00000)
 ParOldGen       total 186368K, used 185553K [0x0000000080000000, 0x000000008b600000, 0x00000000d5580000)
  object space 186368K, 99% used [0x0000000080000000,0x000000008b534540,0x000000008b600000)
 Metaspace       used 68038K, capacity 71148K, committed 71256K, reserved 1110016K
  class space    used 9234K, capacity 9843K, committed 9856K, reserved 1048576K
}
Event: 75.879 GC heap before
{Heap before GC invocations=21 (full 4):
 PSYoungGen      total 182272K, used 18671K [0x00000000d5580000, 0x00000000e2c80000, 0x0000000100000000)
  eden space 154624K, 0% used [0x00000000d5580000,0x00000000d5580000,0x00000000dec80000)
  from space 27648K, 67% used [0x00000000dec80000,0x00000000dfebbf18,0x00000000e0780000)
  to   space 18944K, 0% used [0x00000000e0780000,0x00000000e0780000,0x00000000e1a00000)
 ParOldGen       total 186368K, used 185553K [0x0000000080000000, 0x000000008b600000, 0x00000000d5580000)
  object space 186368K, 99% used [0x0000000080000000,0x000000008b534540,0x000000008b600000)
 Metaspace       used 68038K, capacity 71148K, committed 71256K, reserved 1110016K
  class space    used 9234K, capacity 9843K, committed 9856K, reserved 1048576K
Event: 78.360 GC heap after
Heap after GC invocations=21 (full 4):
 PSYoungGen      total 182272K, used 0K [0x00000000d5580000, 0x00000000e2c80000, 0x0000000100000000)
  eden space 154624K, 0% used [0x00000000d5580000,0x00000000d5580000,0x00000000dec80000)
  from space 27648K, 0% used [0x00000000dec80000,0x00000000dec80000,0x00000000e0780000)
  to   space 18944K, 0% used [0x00000000e0780000,0x00000000e0780000,0x00000000e1a00000)
 ParOldGen       total 186368K, used 141506K [0x0000000080000000, 0x000000008b600000, 0x00000000d5580000)
  object space 186368K, 75% used [0x0000000080000000,0x0000000088a30848,0x000000008b600000)
 Metaspace       used 67964K, capacity 70934K, committed 71256K, reserved 1110016K
  class space    used 9209K, capacity 9800K, committed 9856K, reserved 1048576K
}
Event: 80.734 GC heap before
{Heap before GC invocations=22 (full 5):
 PSYoungGen      total 182272K, used 154624K [0x00000000d5580000, 0x00000000e2c80000, 0x0000000100000000)
  eden space 154624K, 100% used [0x00000000d5580000,0x00000000dec80000,0x00000000dec80000)
  from space 27648K, 0% used [0x00000000dec80000,0x00000000dec80000,0x00000000e0780000)
  to   space 18944K, 0% used [0x00000000e0780000,0x00000000e0780000,0x00000000e1a00000)
 ParOldGen       total 186368K, used 141761K [0x0000000080000000, 0x000000008b600000, 0x00000000d5580000)
  object space 186368K, 76% used [0x0000000080000000,0x0000000088a70470,0x000000008b600000)
 Metaspace       used 67995K, capacity 70934K, committed 71256K, reserved 1110016K
  class space    used 9209K, capacity 9800K, committed 9856K, reserved 1048576K
Event: 81.103 GC heap after
Heap after GC invocations=22 (full 5):
 PSYoungGen      total 182272K, used 0K [0x00000000d5580000, 0x00000000e2c80000, 0x0000000100000000)
  eden space 154624K, 0% used [0x00000000d5580000,0x00000000d5580000,0x00000000dec80000)
  from space 27648K, 0% used [0x00000000dec80000,0x00000000dec80000,0x00000000e0780000)
  to   space 18944K, 0% used [0x00000000e0780000,0x00000000e0780000,0x00000000e1a00000)
 ParOldGen       total 186368K, used 104627K [0x0000000080000000, 0x000000008b600000, 0x00000000d5580000)
  object space 186368K, 56% used [0x0000000080000000,0x000000008662cc38,0x000000008b600000)
 Metaspace       used 67995K, capacity 70934K, committed 71256K, reserved 1110016K
  class space    used 9209K, capacity 9800K, committed 9856K, reserved 1048576K
}

Deoptimization events (10 events):
Event: 81.932 Thread 0x000000001b6de000 Uncommon trap: reason=class_check action=maybe_recompile pc=0x00000000044528b0 method=com.sun.org.apache.xerces.internal.dom.ElementImpl.getAttributes()Lorg/w3c/dom/NamedNodeMap; @ 8
Event: 81.932 Thread 0x000000001b6de000 Uncommon trap: reason=class_check action=maybe_recompile pc=0x00000000044528b0 method=com.sun.org.apache.xerces.internal.dom.ElementImpl.getAttributes()Lorg/w3c/dom/NamedNodeMap; @ 8
Event: 81.980 Thread 0x000000001b6de000 Uncommon trap: reason=null_check action=make_not_entrant pc=0x00000000045885a4 method=com.sun.org.apache.xerces.internal.dom.NamedNodeMapImpl.findNamePoint(Ljava/lang/String;Ljava/lang/String;)I @ 105
Event: 82.025 Thread 0x000000001b6de000 Uncommon trap: reason=unstable_if action=reinterpret pc=0x00000000044feee8 method=com.android.utils.XmlUtils.toXmlAttributeValue(Ljava/lang/String;)Ljava/lang/String; @ 33
Event: 82.025 Thread 0x000000001b6de000 Uncommon trap: reason=unstable_if action=reinterpret pc=0x0000000004452eb8 method=com.android.utils.XmlUtils.toXmlAttributeValue(Ljava/lang/String;)Ljava/lang/String; @ 33
Event: 82.071 Thread 0x000000001b6de000 Uncommon trap: reason=unstable_if action=reinterpret pc=0x00000000044fa420 method=com.android.utils.XmlUtils.append(Lcom/android/utils/XmlUtils$PositionAwareStringBuilder;Lorg/w3c/dom/Node;Ljava/util/Map;Ljava/util/Set;)V @ 540
Event: 82.272 Thread 0x000000001b6de000 Uncommon trap: reason=unstable_if action=reinterpret pc=0x0000000004465804 method=java.io.ObjectStreamClass.hasWriteReplaceMethod()Z @ 8
Event: 82.630 Thread 0x000000001b40a800 Uncommon trap: reason=unstable_if action=reinterpret pc=0x0000000003224e20 method=java.util.HashMap$HashIterator.<init>(Ljava/util/HashMap;)V @ 45
Event: 82.631 Thread 0x000000001a1f2000 Uncommon trap: reason=unstable_if action=reinterpret pc=0x000000000403bf3c method=java.util.HashMap$HashIterator.<init>(Ljava/util/HashMap;)V @ 45
Event: 82.631 Thread 0x000000001a1ed000 Uncommon trap: reason=unstable_if action=reinterpret pc=0x00000000031eff8c method=java.util.HashMap$HashIterator.<init>(Ljava/util/HashMap;)V @ 45

Classes redefined (0 events):
No events

Internal exceptions (10 events):
Event: 70.763 Thread 0x000000001b6de000 Exception <a 'java/lang/NoSuchMethodError': <clinit>> (0x00000000dcef0328) thrown at [C:\src\AOSP-openjdk-git\hotspot\src\share\vm\prims\jni.cpp, line 1615]
Event: 71.184 Thread 0x000000001b6db800 Exception <a 'java/io/FileNotFoundException'> (0x00000000d57f93f0) thrown at [C:\src\AOSP-openjdk-git\hotspot\src\share\vm\prims\jni.cpp, line 710]
Event: 72.033 Thread 0x000000001b6db800 Exception <a 'java/io/FileNotFoundException'> (0x00000000d5c97b48) thrown at [C:\src\AOSP-openjdk-git\hotspot\src\share\vm\prims\jni.cpp, line 710]
Event: 72.289 Thread 0x000000001b6de000 Implicit null exception at 0x00000000044d0647 to 0x00000000044d21c5
Event: 81.980 Thread 0x000000001b6de000 Implicit null exception at 0x0000000004587db7 to 0x0000000004588585
Event: 82.071 Thread 0x000000001b6de000 Implicit null exception at 0x00000000044fc67b to 0x00000000044fa401
Event: 82.199 Thread 0x000000001b6de000 Exception <a 'java/lang/NoSuchMethodError': <clinit>> (0x00000000d7bfe678) thrown at [C:\src\AOSP-openjdk-git\hotspot\src\share\vm\prims\jni.cpp, line 1615]
Event: 82.200 Thread 0x000000001b6de000 Exception <a 'java/lang/NoSuchMethodError': <clinit>> (0x00000000d7c0ea98) thrown at [C:\src\AOSP-openjdk-git\hotspot\src\share\vm\prims\jni.cpp, line 1615]
Event: 82.202 Thread 0x000000001b6de000 Exception <a 'java/lang/NoSuchMethodError': <clinit>> (0x00000000d7c222f0) thrown at [C:\src\AOSP-openjdk-git\hotspot\src\share\vm\prims\jni.cpp, line 1615]
Event: 82.275 Thread 0x000000001b6de000 Exception <a 'java/lang/NoSuchMethodError': <clinit>> (0x00000000d7c9f398) thrown at [C:\src\AOSP-openjdk-git\hotspot\src\share\vm\prims\jni.cpp, line 1615]

Events (10 events):
Event: 89.896 loading class com/android/builder/internal/aapt/v2/AaptV2CommandBuilder
Event: 89.896 loading class com/android/builder/internal/aapt/v2/AaptV2CommandBuilder done
Event: 90.123 loading class com/android/builder/internal/aapt/v2/Aapt2DaemonImpl$WaitForTaskCompletion$Result$Succeeded
Event: 90.123 loading class com/android/builder/internal/aapt/v2/Aapt2DaemonImpl$WaitForTaskCompletion$Result$Succeeded done
Event: 90.124 loading class com/android/builder/internal/aapt/v2/Aapt2DaemonImpl$WaitForTaskCompletion$Result
Event: 90.124 loading class com/android/builder/internal/aapt/v2/Aapt2DaemonImpl$WaitForTaskCompletion$Result done
Event: 90.700 loading class com/android/build/gradle/internal/profile/TaskProfilingRecord$allWorkersFinished$1
Event: 90.700 loading class com/android/build/gradle/internal/profile/TaskProfilingRecord$allWorkersFinished$1 done
Event: 90.701 loading class com/android/build/gradle/internal/profile/TaskProfilingRecord$sam$java_util_function_Predicate$0
Event: 90.701 loading class com/android/build/gradle/internal/profile/TaskProfilingRecord$sam$java_util_function_Predicate$0 done


Dynamic libraries:
0x00007ff7ad430000 - 0x00007ff7ad461000 	E:\AndroidStdio\android-studio-4.1.2\jre\bin\java.exe
0x00007ff9a4050000 - 0x00007ff9a4245000 	C:\WINDOWS\SYSTEM32\ntdll.dll
0x00007ff9a2530000 - 0x00007ff9a25ed000 	C:\WINDOWS\System32\KERNEL32.DLL
0x00007ff9a1af0000 - 0x00007ff9a1db9000 	C:\WINDOWS\System32\KERNELBASE.dll
0x00007ff9a3780000 - 0x00007ff9a382c000 	C:\WINDOWS\System32\ADVAPI32.dll
0x00007ff9a3830000 - 0x00007ff9a38ce000 	C:\WINDOWS\System32\msvcrt.dll
0x00007ff9a3f70000 - 0x00007ff9a400b000 	C:\WINDOWS\System32\sechost.dll
0x00007ff9a2ac0000 - 0x00007ff9a2bea000 	C:\WINDOWS\System32\RPCRT4.dll
0x00007ff9a27e0000 - 0x00007ff9a2980000 	C:\WINDOWS\System32\USER32.dll
0x00007ff9a1850000 - 0x00007ff9a1872000 	C:\WINDOWS\System32\win32u.dll
0x00007ff9a2660000 - 0x00007ff9a268a000 	C:\WINDOWS\System32\GDI32.dll
0x00007ff9a1880000 - 0x00007ff9a198b000 	C:\WINDOWS\System32\gdi32full.dll
0x00007ff9a17b0000 - 0x00007ff9a184d000 	C:\WINDOWS\System32\msvcp_win.dll
0x00007ff9a1e70000 - 0x00007ff9a1f70000 	C:\WINDOWS\System32\ucrtbase.dll
0x00007ff992160000 - 0x00007ff9923fa000 	C:\WINDOWS\WinSxS\amd64_microsoft.windows.common-controls_6595b64144ccf1df_6.0.19041.1110_none_60b5254171f9507e\COMCTL32.dll
0x00007ff9a2980000 - 0x00007ff9a29b0000 	C:\WINDOWS\System32\IMM32.DLL
0x00000000564f0000 - 0x00000000565c2000 	E:\AndroidStdio\android-studio-4.1.2\jre\jre\bin\msvcr100.dll
0x0000000056720000 - 0x0000000056f6b000 	E:\AndroidStdio\android-studio-4.1.2\jre\jre\bin\server\jvm.dll
0x00007ff9a35e0000 - 0x00007ff9a35e8000 	C:\WINDOWS\System32\PSAPI.DLL
0x00007ff99f620000 - 0x00007ff99f62a000 	C:\WINDOWS\SYSTEM32\VERSION.dll
0x00007ff993e20000 - 0x00007ff993e47000 	C:\WINDOWS\SYSTEM32\WINMM.dll
0x00007ff98ee80000 - 0x00007ff98ee89000 	C:\WINDOWS\SYSTEM32\WSOCK32.dll
0x00007ff9a38d0000 - 0x00007ff9a393b000 	C:\WINDOWS\System32\WS2_32.dll
0x00007ff99aa00000 - 0x00007ff99aa0f000 	E:\AndroidStdio\android-studio-4.1.2\jre\jre\bin\verify.dll
0x00007ff984890000 - 0x00007ff9848b9000 	E:\AndroidStdio\android-studio-4.1.2\jre\jre\bin\java.dll
0x00007ff993a10000 - 0x00007ff993a26000 	E:\AndroidStdio\android-studio-4.1.2\jre\jre\bin\zip.dll
0x00007ff9a2c80000 - 0x00007ff9a33bf000 	C:\WINDOWS\System32\SHELL32.dll
0x00007ff99f890000 - 0x00007ff9a0020000 	C:\WINDOWS\SYSTEM32\windows.storage.dll
0x00007ff9a20b0000 - 0x00007ff9a2405000 	C:\WINDOWS\System32\combase.dll
0x00007ff9a11e0000 - 0x00007ff9a120c000 	C:\WINDOWS\SYSTEM32\Wldp.dll
0x00007ff9a3450000 - 0x00007ff9a34fe000 	C:\WINDOWS\System32\SHCORE.dll
0x00007ff9a35f0000 - 0x00007ff9a3645000 	C:\WINDOWS\System32\shlwapi.dll
0x00007ff9a16c0000 - 0x00007ff9a16df000 	C:\WINDOWS\SYSTEM32\profapi.dll
0x00007ff985340000 - 0x00007ff98535a000 	E:\AndroidStdio\android-studio-4.1.2\jre\jre\bin\net.dll
0x00007ff9a0f40000 - 0x00007ff9a0faa000 	C:\WINDOWS\system32\mswsock.dll
0x00007ff982db0000 - 0x00007ff982dc3000 	E:\AndroidStdio\android-studio-4.1.2\jre\jre\bin\nio.dll
0x00007ff988760000 - 0x00007ff988787000 	C:\Users\DhaliAbir\.gradle\native\f6784746aeab05261644944871eae4fe03e0ef1612fff0a4a95f87b438bc6780\windows-amd64\native-platform.dll
0x00007ff99a9f0000 - 0x00007ff99a9fd000 	E:\AndroidStdio\android-studio-4.1.2\jre\jre\bin\management.dll
0x00007ff9a1130000 - 0x00007ff9a1148000 	C:\WINDOWS\SYSTEM32\CRYPTSP.dll
0x00007ff9a0850000 - 0x00007ff9a0884000 	C:\WINDOWS\system32\rsaenh.dll
0x00007ff9a1780000 - 0x00007ff9a17a7000 	C:\WINDOWS\System32\bcrypt.dll
0x00007ff9a1680000 - 0x00007ff9a16ae000 	C:\WINDOWS\SYSTEM32\USERENV.dll
0x00007ff9a1f70000 - 0x00007ff9a1ff3000 	C:\WINDOWS\System32\bcryptprimitives.dll
0x00007ff9a1150000 - 0x00007ff9a115c000 	C:\WINDOWS\SYSTEM32\CRYPTBASE.dll
0x00007ff9a0be0000 - 0x00007ff9a0c1b000 	C:\WINDOWS\SYSTEM32\IPHLPAPI.DLL
0x00007ff9a2650000 - 0x00007ff9a2658000 	C:\WINDOWS\System32\NSI.dll
0x00007ff995f00000 - 0x00007ff995f17000 	C:\WINDOWS\SYSTEM32\dhcpcsvc6.DLL
0x00007ff995db0000 - 0x00007ff995dcd000 	C:\WINDOWS\SYSTEM32\dhcpcsvc.DLL
0x00007ff9a0c20000 - 0x00007ff9a0cec000 	C:\WINDOWS\SYSTEM32\DNSAPI.dll
0x00007ff995fb0000 - 0x00007ff995fbb000 	C:\WINDOWS\SYSTEM32\WINNSI.DLL
0x00007ff96d8c0000 - 0x00007ff96da5c000 	E:\AndroidStdio\android-studio-4.1.2\jre\jre\bin\awt.dll
0x00007ff9a2710000 - 0x00007ff9a27dd000 	C:\WINDOWS\System32\OLEAUT32.dll
0x00007ff99f130000 - 0x00007ff99f15f000 	C:\WINDOWS\SYSTEM32\dwmapi.dll
0x00007ff99c1e0000 - 0x00007ff99c7a0000 	C:\WINDOWS\SYSTEM32\d2d1.dll
0x00007ff99e120000 - 0x00007ff99e1b0000 	C:\WINDOWS\SYSTEM32\apphelp.dll
0x00007ff99efe0000 - 0x00007ff99f07e000 	C:\WINDOWS\system32\uxtheme.dll

VM Arguments:
jvm_args: -Xmx2048m -Dfile.encoding=UTF-8 -Duser.country=US -Duser.language=en -Duser.variant 
java_command: org.gradle.launcher.daemon.bootstrap.GradleDaemon 6.5
java_class_path (initial): C:\Users\DhaliAbir\.gradle\wrapper\dists\gradle-6.5-all\2oz4ud9k3tuxjg84bbf55q0tn\gradle-6.5\lib\gradle-launcher-6.5.jar
Launcher Type: SUN_STANDARD

Environment Variables:
PATH=F:\instantclient_11_2;C:\Program Files\Java\jre1.8.0_241\lib\ext\ojdbc14.jar;C:\Program Files (x86)\Common Files\Oracle\Java\javapath;C:\app\DhaliAbir\product\11.2.0\dbhome_1\bin;C:\ProgramData\Oracle\Java\javapath;C:\WINDOWS\system32;C:\WINDOWS;C:\WINDOWS\System32\Wbem;C:\WINDOWS\System32\WindowsPowerShell\v1.0\;C:\xampp\apache;C:\xampp\apache\bin;C:\WINDOWS\System32\OpenSSH\;C:\composer;C:\Program Files\Git\cmd;E:\flutter\FlutterSDK\flutter\bin;E:\xampp\php;C:\Users\DhaliAbir\AppData\Local\Programs\Python\Python38\Scripts\;C:\Users\DhaliAbir\AppData\Local\Programs\Python\Python38\;C:\Users\DhaliAbir\AppData\Local\Microsoft\WindowsApps;C:\Users\DhaliAbir\AppData\Roaming\Composer\vendor\bin;C:\Program Files\JetBrains\PhpStorm 2019.1.2\bin;
USERNAME=DhaliAbir
OS=Windows_NT
PROCESSOR_IDENTIFIER=Intel64 Family 6 Model 69 Stepping 1, GenuineIntel



---------------  S Y S T E M  ---------------

OS: Windows 10.0 , 64 bit Build 19041 (10.0.19041.1151)

CPU:total 4 (initial active 4) (2 cores per cpu, 2 threads per core) family 6 model 69 stepping 1, cmov, cx8, fxsr, mmx, sse, sse2, sse3, ssse3, sse4.1, sse4.2, popcnt, avx, avx2, aes, clmul, erms, lzcnt, ht, tsc, tscinvbit, bmi1, bmi2

Memory: 4k page, physical 8290328k(197148k free), swap 23074452k(7704k free)

vm_info: OpenJDK 64-Bit Server VM (25.242-b01) for windows-amd64 JRE (1.8.0_242-release-1644-b01), built by "builder" with MS VC++ 10.0 (VS2010)

time: Mon Sep 13 15:22:43 2021
timezone: Bangladesh Standard Time
elapsed time: 91 seconds (0d 0h 1m 31s)

