#
# There is insufficient memory for the Java Runtime Environment to continue.
# Native memory allocation (malloc) failed to allocate 1319376 bytes for Chunk::new
# Possible reasons:
#   The system is out of physical RAM or swap space
#   The process is running with CompressedOops enabled, and the Java Heap may be blocking the growth of the native heap
# Possible solutions:
#   Reduce memory load on the system
#   Increase physical memory or swap space
#   Check if swap backing store is full
#   Decrease Java heap size (-Xmx/-Xms)
#   Decrease number of Java threads
#   Decrease Java thread stack sizes (-Xss)
#   Set larger code cache with -XX:ReservedCodeCacheSize=
#   JVM is running with Unscaled Compressed Oops mode in which the Java heap is
#     placed in the first 4GB address space. The Java Heap base address is the
#     maximum limit for the native heap growth. Please use -XX:HeapBaseMinAddress
#     to set the Java Heap base and to place the Java Heap above 4GB virtual address.
# This output file may be truncated or incomplete.
#
#  Out of Memory Error (allocation.cpp:389), pid=15500, tid=0x0000000000002094
#
# JRE version: OpenJDK Runtime Environment (8.0_242-b01) (build 1.8.0_242-release-1644-b01)
# Java VM: OpenJDK 64-Bit Server VM (25.242-b01 mixed mode windows-amd64 compressed oops)
# Failed to write core dump. Minidumps are not enabled by default on client versions of Windows
#

---------------  T H R E A D  ---------------

Current thread (0x00000000179f4000):  JavaThread "C2 CompilerThread0" daemon [_thread_in_native, id=8340, stack(0x0000000019040000,0x0000000019140000)]

Stack: [0x0000000019040000,0x0000000019140000]
[error occurred during error reporting (printing stack bounds), id 0xc0000005]

Native frames: (J=compiled Java code, j=interpreted, Vv=VM code, C=native code)


Current CompileTask:
C2: 162604 9005   !   4       java.io.ObjectInputStream::readObject0 (671 bytes)


---------------  P R O C E S S  ---------------

Java Threads: ( => current thread )
  0x000000001bc64800 JavaThread "MarlinRenderer Disposer" daemon [_thread_blocked, id=12720, stack(0x0000000024540000,0x0000000024640000)]
  0x000000001bc58000 JavaThread "Java2D Disposer" daemon [_thread_blocked, id=14296, stack(0x0000000024440000,0x0000000024540000)]
  0x000000001bc5b800 JavaThread "WorkerExecutor Queue Thread 5" [_thread_in_Java, id=4800, stack(0x0000000022c70000,0x0000000022d70000)]
  0x000000001bc59800 JavaThread "WorkerExecutor Queue Thread 4" [_thread_in_native, id=17392, stack(0x0000000022970000,0x0000000022a70000)]
  0x000000001bc58800 JavaThread "WorkerExecutor Queue Thread 3" [_thread_blocked, id=4188, stack(0x0000000022870000,0x0000000022970000)]
  0x000000001bc5b000 JavaThread "WorkerExecutor Queue Thread 2" [_thread_in_native, id=9896, stack(0x0000000020780000,0x0000000020880000)]
  0x000000001a3fa800 JavaThread "WorkerExecutor Queue" [_thread_in_native, id=7104, stack(0x000000001d360000,0x000000001d460000)]
  0x000000001a3f8000 JavaThread "Cache worker for execution history cache (E:\Work-3.5\My\ShopManagmentSOC\.gradle\6.5\executionHistory)" [_thread_blocked, id=9448, stack(0x0000000029e70000,0x0000000029f70000)]
  0x000000001a3f4800 JavaThread "Execution worker for ':' Thread 3" [_thread_blocked, id=13608, stack(0x0000000029d70000,0x0000000029e70000)]
  0x000000001a3f9800 JavaThread "Execution worker for ':' Thread 2" [_thread_blocked, id=18060, stack(0x0000000002a90000,0x0000000002b90000)]
  0x000000001a3f9000 JavaThread "Execution worker for ':'" [_thread_blocked, id=15256, stack(0x00000000010a0000,0x00000000011a0000)]
  0x000000001bc65800 JavaThread "Cache worker for file content cache (E:\Work-3.5\My\ShopManagmentSOC\.gradle\6.5\fileContent)" [_thread_blocked, id=12504, stack(0x0000000029870000,0x0000000029970000)]
  0x000000001bc64000 JavaThread "Memory manager" [_thread_blocked, id=10704, stack(0x0000000029770000,0x0000000029870000)]
  0x000000001bc5e000 JavaThread "pool-1-thread-1" [_thread_blocked, id=17568, stack(0x0000000028870000,0x0000000028970000)]
  0x000000001bc63000 JavaThread "Cache worker for Build Output Cleanup Cache (E:\Work-3.5\My\ShopManagmentSOC\.gradle\buildOutputCleanup)" [_thread_blocked, id=14264, stack(0x0000000000fa0000,0x00000000010a0000)]
  0x000000001a8c5000 JavaThread "Build operations Thread 4" [_thread_blocked, id=15868, stack(0x0000000022770000,0x0000000022870000)]
  0x000000001a8bd800 JavaThread "Build operations Thread 3" [_thread_blocked, id=15908, stack(0x0000000022670000,0x0000000022770000)]
  0x000000001a8c4800 JavaThread "Build operations Thread 2" [_thread_blocked, id=13748, stack(0x0000000022570000,0x0000000022670000)]
  0x000000001a8c1800 JavaThread "Build operations" [_thread_blocked, id=16128, stack(0x0000000022470000,0x0000000022570000)]
  0x0000000017a0f800 JavaThread "Cache worker for file content cache (C:\Users\DhaliAbir\.gradle\caches\6.5\fileContent)" [_thread_blocked, id=3540, stack(0x0000000021b00000,0x0000000021c00000)]
  0x0000000017a12800 JavaThread "Cache worker for execution history cache (C:\Users\DhaliAbir\.gradle\caches\6.5\executionHistory)" [_thread_blocked, id=12936, stack(0x000000001f4b0000,0x000000001f5b0000)]
  0x0000000017a0d000 JavaThread "Cache worker for cache directory md-rule (C:\Users\DhaliAbir\.gradle\caches\6.5\md-rule)" [_thread_blocked, id=6940, stack(0x000000001f3b0000,0x000000001f4b0000)]
  0x0000000017a11800 JavaThread "Cache worker for cache directory md-supplier (C:\Users\DhaliAbir\.gradle\caches\6.5\md-supplier)" [_thread_blocked, id=18268, stack(0x000000001f2b0000,0x000000001f3b0000)]
  0x0000000017a0c800 JavaThread "Cache worker for checksums cache (E:\Work-3.5\My\ShopManagmentSOC\.gradle\checksums)" [_thread_blocked, id=14448, stack(0x000000001f1b0000,0x000000001f2b0000)]
  0x0000000017a0e000 JavaThread "Cache worker for file hash cache (E:\Work-3.5\My\ShopManagmentSOC\.gradle\6.5\fileHashes)" [_thread_blocked, id=5180, stack(0x000000001eeb0000,0x000000001efb0000)]
  0x0000000017a0b800 JavaThread "Cache worker for file hash cache (C:\Users\DhaliAbir\.gradle\caches\6.5\fileHashes)" [_thread_blocked, id=16844, stack(0x000000001edb0000,0x000000001eeb0000)]
  0x0000000017a11000 JavaThread "File lock request listener" [_thread_in_native, id=15904, stack(0x000000001d860000,0x000000001d960000)]
  0x000000001a944000 JavaThread "Cache worker for journal cache (C:\Users\DhaliAbir\.gradle\caches\journal-1)" [_thread_blocked, id=8820, stack(0x000000001d760000,0x000000001d860000)]
  0x000000001aa7b000 JavaThread "Thread-9" [_thread_blocked, id=12956, stack(0x000000001d460000,0x000000001d560000)]
  0x000000001a4b3800 JavaThread "Asynchronous log dispatcher for DefaultDaemonConnection: socket connection from /127.0.0.1:64318 to /127.0.0.1:64319" [_thread_blocked, id=17576, stack(0x000000001d260000,0x000000001d360000)]
  0x000000001a1c5800 JavaThread "Daemon worker" [_thread_blocked, id=12312, stack(0x000000001d160000,0x000000001d260000)]
  0x0000000019f20800 JavaThread "Cancel handler" [_thread_blocked, id=6768, stack(0x000000001d060000,0x000000001d160000)]
  0x000000001b494000 JavaThread "Handler for socket connection from /127.0.0.1:64318 to /127.0.0.1:64319" [_thread_in_native, id=11808, stack(0x000000001cf60000,0x000000001d060000)]
  0x000000001b3f0000 JavaThread "Daemon" [_thread_blocked, id=7508, stack(0x000000001ce60000,0x000000001cf60000)]
  0x000000001b495800 JavaThread "Daemon periodic checks" [_thread_blocked, id=6480, stack(0x000000001cb60000,0x000000001cc60000)]
  0x000000001b3d2000 JavaThread "Incoming local TCP Connector on port 64318" [_thread_in_native, id=10772, stack(0x000000001c920000,0x000000001ca20000)]
  0x000000001939d000 JavaThread "Daemon health stats" [_thread_blocked, id=15764, stack(0x000000001c2e0000,0x000000001c3e0000)]
  0x0000000019388000 JavaThread "Service Thread" daemon [_thread_blocked, id=14592, stack(0x0000000019740000,0x0000000019840000)]
  0x0000000017a10000 JavaThread "C1 CompilerThread2" daemon [_thread_blocked, id=15680, stack(0x0000000019240000,0x0000000019340000)]
  0x00000000179fd000 JavaThread "C2 CompilerThread1" daemon [_thread_in_native, id=11592, stack(0x0000000019140000,0x0000000019240000)]
=>0x00000000179f4000 JavaThread "C2 CompilerThread0" daemon [_thread_in_native, id=8340, stack(0x0000000019040000,0x0000000019140000)]
  0x00000000179f2800 JavaThread "Attach Listener" daemon [_thread_blocked, id=10500, stack(0x0000000018f40000,0x0000000019040000)]
  0x00000000179f1000 JavaThread "Signal Dispatcher" daemon [_thread_blocked, id=8696, stack(0x0000000018e40000,0x0000000018f40000)]
  0x0000000002dcb800 JavaThread "Finalizer" daemon [_thread_blocked, id=15892, stack(0x0000000018c40000,0x0000000018d40000)]
  0x00000000179d9000 JavaThread "Reference Handler" daemon [_thread_blocked, id=16996, stack(0x0000000018b40000,0x0000000018c40000)]
  0x0000000002bce800 JavaThread "main" [_thread_blocked, id=14756, stack(0x0000000002bd0000,0x0000000002cd0000)]

Other Threads:
  0x00000000179b6000 VMThread [stack: 0x0000000018a40000,0x0000000018b40000] [id=16848]
  0x0000000017a4b800 WatcherThread [stack: 0x0000000019840000,0x0000000019940000] [id=16156]

VM state:not at safepoint (normal execution)

VM Mutex/Monitor currently owned by a thread: None

heap address: 0x0000000080000000, size: 2048 MB, Compressed Oops mode: 32-bit
Narrow klass base: 0x0000000000000000, Narrow klass shift: 3
Compressed class space size: 1073741824 Address: 0x0000000100000000

Heap:
 PSYoungGen      total 162304K, used 53701K [0x00000000d5580000, 0x00000000e1f00000, 0x0000000100000000)
  eden space 137728K, 38% used [0x00000000d5580000,0x00000000d89f1468,0x00000000ddc00000)
  from space 24576K, 0% used [0x00000000e0700000,0x00000000e0700000,0x00000000e1f00000)
  to   space 16896K, 0% used [0x00000000ddc00000,0x00000000ddc00000,0x00000000dec80000)
 ParOldGen       total 233472K, used 137801K [0x0000000080000000, 0x000000008e400000, 0x00000000d5580000)
  object space 233472K, 59% used [0x0000000080000000,0x0000000088692438,0x000000008e400000)
 Metaspace       used 68161K, capacity 71194K, committed 71640K, reserved 1112064K
  class space    used 9231K, capacity 9852K, committed 9984K, reserved 1048576K

Card table byte_map: [0x0000000012190000,0x00000000125a0000] byte_map_base: 0x0000000011d90000

Marking Bits: (ParMarkBitMap*) 0x0000000056eef030
 Begin Bits: [0x0000000012c50000, 0x0000000014c50000)
 End Bits:   [0x0000000014c50000, 0x0000000016c50000)

Polling page: 0x00000000011e0000

CodeCache: size=245760Kb used=24955Kb max_used=26200Kb free=220804Kb
 bounds [0x0000000002dd0000, 0x0000000004790000, 0x0000000011dd0000]
 total_blobs=8634 nmethods=7722 adapters=824
 compilation: enabled

Compilation events (10 events):
Event: 162.107 Thread 0x00000000179f4000 nmethod 9006 0x0000000004306750 code [0x00000000043068a0, 0x00000000043069a8]
Event: 162.107 Thread 0x00000000179f4000 9005   !   4       java.io.ObjectInputStream::readObject0 (671 bytes)
Event: 162.139 Thread 0x0000000017a10000 9013       3       sun.awt.SunHints$Key::getIndex (5 bytes)
Event: 162.139 Thread 0x0000000017a10000 nmethod 9013 0x0000000004221610 code [0x0000000004221760, 0x0000000004221950]
Event: 162.140 Thread 0x0000000017a10000 9014       3       sun.java2d.pipe.ValidatePipe::validate (6 bytes)
Event: 162.141 Thread 0x0000000017a10000 nmethod 9014 0x0000000003b634d0 code [0x0000000003b63660, 0x0000000003b63af8]
Event: 162.141 Thread 0x0000000017a10000 9015       3       sun.java2d.SurfaceData::validatePipe (785 bytes)
Event: 162.144 Thread 0x0000000017a10000 nmethod 9015 0x0000000004157e50 code [0x0000000004158180, 0x000000000415a1e8]
Event: 162.147 Thread 0x0000000017a10000 9016       3       sun.java2d.marlin.DHelpers$PolyStack::pushLine (57 bytes)
Event: 162.147 Thread 0x0000000017a10000 nmethod 9016 0x0000000003bd3dd0 code [0x0000000003bd3f40, 0x0000000003bd4188]

GC Heap History (10 events):
Event: 54.079 GC heap before
{Heap before GC invocations=16 (full 3):
 PSYoungGen      total 129024K, used 14051K [0x00000000d5580000, 0x00000000e0100000, 0x0000000100000000)
  eden space 114688K, 0% used [0x00000000d5580000,0x00000000d5580000,0x00000000dc580000)
  from space 14336K, 98% used [0x00000000dc580000,0x00000000dd338fa0,0x00000000dd380000)
  to   space 16384K, 0% used [0x00000000df100000,0x00000000df100000,0x00000000e0100000)
 ParOldGen       total 81408K, used 26819K [0x0000000080000000, 0x0000000084f80000, 0x00000000d5580000)
  object space 81408K, 32% used [0x0000000080000000,0x0000000081a30f40,0x0000000084f80000)
 Metaspace       used 56545K, capacity 58840K, committed 58968K, reserved 1099776K
  class space    used 7739K, capacity 8227K, committed 8320K, reserved 1048576K
Event: 54.542 GC heap after
Heap after GC invocations=16 (full 3):
 PSYoungGen      total 129024K, used 0K [0x00000000d5580000, 0x00000000e0100000, 0x0000000100000000)
  eden space 114688K, 0% used [0x00000000d5580000,0x00000000d5580000,0x00000000dc580000)
  from space 14336K, 0% used [0x00000000dc580000,0x00000000dc580000,0x00000000dd380000)
  to   space 16384K, 0% used [0x00000000df100000,0x00000000df100000,0x00000000e0100000)
 ParOldGen       total 130048K, used 36739K [0x0000000080000000, 0x0000000087f00000, 0x00000000d5580000)
  object space 130048K, 28% used [0x0000000080000000,0x00000000823e0d00,0x0000000087f00000)
 Metaspace       used 56530K, capacity 58792K, committed 58968K, reserved 1099776K
  class space    used 7734K, capacity 8219K, committed 8320K, reserved 1048576K
}
Event: 98.357 GC heap before
{Heap before GC invocations=17 (full 3):
 PSYoungGen      total 129024K, used 114519K [0x00000000d5580000, 0x00000000e0100000, 0x0000000100000000)
  eden space 114688K, 99% used [0x00000000d5580000,0x00000000dc555ef8,0x00000000dc580000)
  from space 14336K, 0% used [0x00000000dc580000,0x00000000dc580000,0x00000000dd380000)
  to   space 16384K, 0% used [0x00000000df100000,0x00000000df100000,0x00000000e0100000)
 ParOldGen       total 130048K, used 36739K [0x0000000080000000, 0x0000000087f00000, 0x00000000d5580000)
  object space 130048K, 28% used [0x0000000080000000,0x00000000823e0d00,0x0000000087f00000)
 Metaspace       used 63331K, capacity 66328K, committed 66520K, reserved 1105920K
  class space    used 8803K, capacity 9367K, committed 9472K, reserved 1048576K
Event: 98.386 GC heap after
Heap after GC invocations=17 (full 3):
 PSYoungGen      total 147968K, used 12178K [0x00000000d5580000, 0x00000000dfd00000, 0x0000000100000000)
  eden space 135680K, 0% used [0x00000000d5580000,0x00000000d5580000,0x00000000dda00000)
  from space 12288K, 99% used [0x00000000df100000,0x00000000dfce4958,0x00000000dfd00000)
  to   space 16896K, 0% used [0x00000000ddc00000,0x00000000ddc00000,0x00000000dec80000)
 ParOldGen       total 130048K, used 36747K [0x0000000080000000, 0x0000000087f00000, 0x00000000d5580000)
  object space 130048K, 28% used [0x0000000080000000,0x00000000823e2d00,0x0000000087f00000)
 Metaspace       used 63331K, capacity 66328K, committed 66520K, reserved 1105920K
  class space    used 8803K, capacity 9367K, committed 9472K, reserved 1048576K
}
Event: 154.296 GC heap before
{Heap before GC invocations=18 (full 3):
 PSYoungGen      total 147968K, used 147858K [0x00000000d5580000, 0x00000000dfd00000, 0x0000000100000000)
  eden space 135680K, 100% used [0x00000000d5580000,0x00000000dda00000,0x00000000dda00000)
  from space 12288K, 99% used [0x00000000df100000,0x00000000dfce4958,0x00000000dfd00000)
  to   space 16896K, 0% used [0x00000000ddc00000,0x00000000ddc00000,0x00000000dec80000)
 ParOldGen       total 130048K, used 36747K [0x0000000080000000, 0x0000000087f00000, 0x00000000d5580000)
  object space 130048K, 28% used [0x0000000080000000,0x00000000823e2d00,0x0000000087f00000)
 Metaspace       used 65286K, capacity 68284K, committed 68440K, reserved 1107968K
  class space    used 8966K, capacity 9555K, committed 9600K, reserved 1048576K
Event: 154.376 GC heap after
Heap after GC invocations=18 (full 3):
 PSYoungGen      total 154624K, used 16879K [0x00000000d5580000, 0x00000000e1f00000, 0x0000000100000000)
  eden space 137728K, 0% used [0x00000000d5580000,0x00000000d5580000,0x00000000ddc00000)
  from space 16896K, 99% used [0x00000000ddc00000,0x00000000dec7bc10,0x00000000dec80000)
  to   space 24576K, 0% used [0x00000000e0700000,0x00000000e0700000,0x00000000e1f00000)
 ParOldGen       total 130048K, used 50543K [0x0000000080000000, 0x0000000087f00000, 0x00000000d5580000)
  object space 130048K, 38% used [0x0000000080000000,0x000000008315bcf0,0x0000000087f00000)
 Metaspace       used 65286K, capacity 68284K, committed 68440K, reserved 1107968K
  class space    used 8966K, capacity 9555K, committed 9600K, reserved 1048576K
}
Event: 159.876 GC heap before
{Heap before GC invocations=19 (full 3):
 PSYoungGen      total 154624K, used 154607K [0x00000000d5580000, 0x00000000e1f00000, 0x0000000100000000)
  eden space 137728K, 100% used [0x00000000d5580000,0x00000000ddc00000,0x00000000ddc00000)
  from space 16896K, 99% used [0x00000000ddc00000,0x00000000dec7bc10,0x00000000dec80000)
  to   space 24576K, 0% used [0x00000000e0700000,0x00000000e0700000,0x00000000e1f00000)
 ParOldGen       total 130048K, used 50544K [0x0000000080000000, 0x0000000087f00000, 0x00000000d5580000)
  object space 130048K, 38% used [0x0000000080000000,0x000000008315c058,0x0000000087f00000)
 Metaspace       used 68192K, capacity 71322K, committed 71640K, reserved 1112064K
  class space    used 9245K, capacity 9876K, committed 9984K, reserved 1048576K
Event: 160.514 GC heap after
Heap after GC invocations=19 (full 3):
 PSYoungGen      total 162304K, used 17821K [0x00000000d5580000, 0x00000000e1f00000, 0x0000000100000000)
  eden space 137728K, 0% used [0x00000000d5580000,0x00000000d5580000,0x00000000ddc00000)
  from space 24576K, 72% used [0x00000000e0700000,0x00000000e18677f0,0x00000000e1f00000)
  to   space 16896K, 0% used [0x00000000ddc00000,0x00000000ddc00000,0x00000000dec80000)
 ParOldGen       total 233472K, used 222625K [0x0000000080000000, 0x000000008e400000, 0x00000000d5580000)
  object space 233472K, 95% used [0x0000000080000000,0x000000008d968448,0x000000008e400000)
 Metaspace       used 68192K, capacity 71322K, committed 71640K, reserved 1112064K
  class space    used 9245K, capacity 9876K, committed 9984K, reserved 1048576K
}
Event: 160.580 GC heap before
{Heap before GC invocations=20 (full 4):
 PSYoungGen      total 162304K, used 17821K [0x00000000d5580000, 0x00000000e1f00000, 0x0000000100000000)
  eden space 137728K, 0% used [0x00000000d5580000,0x00000000d5580000,0x00000000ddc00000)
  from space 24576K, 72% used [0x00000000e0700000,0x00000000e18677f0,0x00000000e1f00000)
  to   space 16896K, 0% used [0x00000000ddc00000,0x00000000ddc00000,0x00000000dec80000)
 ParOldGen       total 233472K, used 222625K [0x0000000080000000, 0x000000008e400000, 0x00000000d5580000)
  object space 233472K, 95% used [0x0000000080000000,0x000000008d968448,0x000000008e400000)
 Metaspace       used 68192K, capacity 71322K, committed 71640K, reserved 1112064K
  class space    used 9245K, capacity 9876K, committed 9984K, reserved 1048576K
Event: 160.991 GC heap after
Heap after GC invocations=20 (full 4):
 PSYoungGen      total 162304K, used 0K [0x00000000d5580000, 0x00000000e1f00000, 0x0000000100000000)
  eden space 137728K, 0% used [0x00000000d5580000,0x00000000d5580000,0x00000000ddc00000)
  from space 24576K, 0% used [0x00000000e0700000,0x00000000e0700000,0x00000000e1f00000)
  to   space 16896K, 0% used [0x00000000ddc00000,0x00000000ddc00000,0x00000000dec80000)
 ParOldGen       total 233472K, used 137801K [0x0000000080000000, 0x000000008e400000, 0x00000000d5580000)
  object space 233472K, 59% used [0x0000000080000000,0x0000000088692438,0x000000008e400000)
 Metaspace       used 68147K, capacity 71194K, committed 71640K, reserved 1112064K
  class space    used 9231K, capacity 9852K, committed 9984K, reserved 1048576K
}

Deoptimization events (10 events):
Event: 155.302 Thread 0x000000001a1c5800 Uncommon trap: reason=bimorphic action=maybe_recompile pc=0x00000000042d6ba0 method=com.sun.org.apache.xerces.internal.dom.AttributeMap.setNamedItem(Lorg/w3c/dom/Node;)Lorg/w3c/dom/Node; @ 4
Event: 155.444 Thread 0x000000001a1c5800 Uncommon trap: reason=class_check action=maybe_recompile pc=0x000000000452e360 method=com.sun.org.apache.xerces.internal.dom.NodeImpl.getUserData(Ljava/lang/String;)Ljava/lang/Object; @ 1
Event: 155.444 Thread 0x000000001a1c5800 Uncommon trap: reason=class_check action=maybe_recompile pc=0x000000000452e360 method=com.sun.org.apache.xerces.internal.dom.NodeImpl.getUserData(Ljava/lang/String;)Ljava/lang/Object; @ 1
Event: 155.451 Thread 0x000000001a1c5800 Uncommon trap: reason=class_check action=maybe_recompile pc=0x000000000452e360 method=com.sun.org.apache.xerces.internal.dom.NodeImpl.getUserData(Ljava/lang/String;)Ljava/lang/Object; @ 1
Event: 155.451 Thread 0x000000001a1c5800 Uncommon trap: reason=class_check action=maybe_recompile pc=0x000000000452e360 method=com.sun.org.apache.xerces.internal.dom.NodeImpl.getUserData(Ljava/lang/String;)Ljava/lang/Object; @ 1
Event: 155.689 Thread 0x000000001a1c5800 Uncommon trap: reason=null_check action=make_not_entrant pc=0x000000000455385c method=com.android.ide.common.resources.NodeUtils.processSingleNodeNamespace(Lorg/w3c/dom/Node;Lorg/w3c/dom/Document;)Z @ 8
Event: 155.689 Thread 0x000000001a1c5800 Uncommon trap: reason=null_check action=make_not_entrant pc=0x000000000453a168 method=com.android.ide.common.resources.NodeUtils.processSingleNodeNamespace(Lorg/w3c/dom/Node;Lorg/w3c/dom/Document;)Z @ 8
Event: 155.775 Thread 0x000000001a1c5800 Uncommon trap: reason=unstable_if action=reinterpret pc=0x000000000453cbf8 method=sun.nio.cs.UTF_8$Encoder.encodeArrayLoop(Ljava/nio/CharBuffer;Ljava/nio/ByteBuffer;)Ljava/nio/charset/CoderResult; @ 400
Event: 157.923 Thread 0x000000001a3fa800 Uncommon trap: reason=unstable_if action=reinterpret pc=0x0000000003ffdf14 method=java.io.WinNTFileSystem.prefixLength(Ljava/lang/String;)I @ 42
Event: 159.003 Thread 0x000000001a3fa800 Uncommon trap: reason=unstable_if action=reinterpret pc=0x00000000043a8e34 method=com.sun.org.apache.xerces.internal.impl.XMLEntityScanner.scanLiteral(ILcom/sun/org/apache/xerces/internal/xni/XMLString;Z)I @ 44

Classes redefined (0 events):
No events

Internal exceptions (10 events):
Event: 154.390 Thread 0x000000001a1c5800 Exception <a 'java/lang/NoSuchMethodError': <clinit>> (0x00000000d568b790) thrown at [C:\src\AOSP-openjdk-git\hotspot\src\share\vm\prims\jni.cpp, line 1615]
Event: 154.391 Thread 0x000000001a1c5800 Exception <a 'java/lang/NoSuchMethodError': <clinit>> (0x00000000d56a5fc8) thrown at [C:\src\AOSP-openjdk-git\hotspot\src\share\vm\prims\jni.cpp, line 1615]
Event: 154.393 Thread 0x000000001a1c5800 Exception <a 'java/lang/NoSuchMethodError': <clinit>> (0x00000000d56caa88) thrown at [C:\src\AOSP-openjdk-git\hotspot\src\share\vm\prims\jni.cpp, line 1615]
Event: 154.394 Thread 0x000000001a1c5800 Exception <a 'java/lang/NoSuchMethodError': <clinit>> (0x00000000d56e1630) thrown at [C:\src\AOSP-openjdk-git\hotspot\src\share\vm\prims\jni.cpp, line 1615]
Event: 154.493 Thread 0x000000001a1c5800 Exception <a 'java/lang/NoSuchMethodError': <clinit>> (0x00000000d5a46cc0) thrown at [C:\src\AOSP-openjdk-git\hotspot\src\share\vm\prims\jni.cpp, line 1615]
Event: 155.162 Thread 0x000000001a1c5800 Implicit null exception at 0x000000000437643d to 0x0000000004376939
Event: 155.689 Thread 0x000000001a1c5800 Implicit null exception at 0x0000000004551567 to 0x0000000004553825
Event: 155.689 Thread 0x000000001a1c5800 Implicit null exception at 0x0000000004539dd7 to 0x000000000453a159
Event: 157.192 Thread 0x000000001a3fa800 Exception <a 'java/io/FileNotFoundException'> (0x00000000d619a0a8) thrown at [C:\src\AOSP-openjdk-git\hotspot\src\share\vm\prims\jni.cpp, line 710]
Event: 157.924 Thread 0x000000001a3fa800 Exception <a 'java/io/FileNotFoundException'> (0x00000000d7881d70) thrown at [C:\src\AOSP-openjdk-git\hotspot\src\share\vm\prims\jni.cpp, line 710]

Events (10 events):
Event: 161.926 Thread 0x000000001bc5b800 DEOPT PACKING pc=0x00000000046288d0 sp=0x0000000022d6dd00
Event: 161.926 Thread 0x000000001bc5b800 DEOPT UNPACKING pc=0x0000000002e175d0 sp=0x0000000022d6dbe0 mode 0
Event: 161.997 Thread 0x000000001bc58800 DEOPT PACKING pc=0x00000000044278f9 sp=0x000000002296d890
Event: 161.997 Thread 0x000000001bc58800 DEOPT UNPACKING pc=0x0000000002e175d0 sp=0x000000002296d5f8 mode 0
Event: 162.007 Thread 0x000000001bc58800 DEOPT PACKING pc=0x000000000465f07c sp=0x000000002296df60
Event: 162.007 Thread 0x000000001bc58800 DEOPT UNPACKING pc=0x0000000002e175d0 sp=0x000000002296dce0 mode 0
Event: 162.137 Thread 0x000000001bc58800 DEOPT PACKING pc=0x00000000046e5c52 sp=0x000000002296db20
Event: 162.137 Thread 0x000000001bc58800 DEOPT UNPACKING pc=0x0000000002e175d0 sp=0x000000002296d7d8 mode 0
Event: 162.291 Thread 0x000000001bc58800 DEOPT PACKING pc=0x000000000465f07c sp=0x000000002296df60
Event: 162.291 Thread 0x000000001bc58800 DEOPT UNPACKING pc=0x0000000002e175d0 sp=0x000000002296dce0 mode 0


Dynamic libraries:
0x00007ff7ad430000 - 0x00007ff7ad461000 	E:\AndroidStdio\android-studio-4.1.2\jre\bin\java.exe
0x00007ff9a4050000 - 0x00007ff9a4245000 	C:\WINDOWS\SYSTEM32\ntdll.dll
0x00007ff9a2530000 - 0x00007ff9a25ed000 	C:\WINDOWS\System32\KERNEL32.DLL
0x00007ff9a1af0000 - 0x00007ff9a1db9000 	C:\WINDOWS\System32\KERNELBASE.dll
0x00007ff9a3780000 - 0x00007ff9a382c000 	C:\WINDOWS\System32\ADVAPI32.dll
0x00007ff9a3830000 - 0x00007ff9a38ce000 	C:\WINDOWS\System32\msvcrt.dll
0x00007ff9a3f70000 - 0x00007ff9a400b000 	C:\WINDOWS\System32\sechost.dll
0x00007ff9a2ac0000 - 0x00007ff9a2bea000 	C:\WINDOWS\System32\RPCRT4.dll
0x00007ff9a27e0000 - 0x00007ff9a2980000 	C:\WINDOWS\System32\USER32.dll
0x00007ff9a1850000 - 0x00007ff9a1872000 	C:\WINDOWS\System32\win32u.dll
0x00007ff9a2660000 - 0x00007ff9a268a000 	C:\WINDOWS\System32\GDI32.dll
0x00007ff9a1880000 - 0x00007ff9a198b000 	C:\WINDOWS\System32\gdi32full.dll
0x00007ff9a17b0000 - 0x00007ff9a184d000 	C:\WINDOWS\System32\msvcp_win.dll
0x00007ff9a1e70000 - 0x00007ff9a1f70000 	C:\WINDOWS\System32\ucrtbase.dll
0x00007ff992160000 - 0x00007ff9923fa000 	C:\WINDOWS\WinSxS\amd64_microsoft.windows.common-controls_6595b64144ccf1df_6.0.19041.1110_none_60b5254171f9507e\COMCTL32.dll
0x00007ff9a2980000 - 0x00007ff9a29b0000 	C:\WINDOWS\System32\IMM32.DLL
0x00000000564f0000 - 0x00000000565c2000 	E:\AndroidStdio\android-studio-4.1.2\jre\jre\bin\msvcr100.dll
0x0000000056720000 - 0x0000000056f6b000 	E:\AndroidStdio\android-studio-4.1.2\jre\jre\bin\server\jvm.dll
0x00007ff9a35e0000 - 0x00007ff9a35e8000 	C:\WINDOWS\System32\PSAPI.DLL
0x00007ff98ee80000 - 0x00007ff98ee89000 	C:\WINDOWS\SYSTEM32\WSOCK32.dll
0x00007ff9a38d0000 - 0x00007ff9a393b000 	C:\WINDOWS\System32\WS2_32.dll
0x00007ff993e20000 - 0x00007ff993e47000 	C:\WINDOWS\SYSTEM32\WINMM.dll
0x00007ff99f620000 - 0x00007ff99f62a000 	C:\WINDOWS\SYSTEM32\VERSION.dll
0x00007ff99aa00000 - 0x00007ff99aa0f000 	E:\AndroidStdio\android-studio-4.1.2\jre\jre\bin\verify.dll
0x00007ff984890000 - 0x00007ff9848b9000 	E:\AndroidStdio\android-studio-4.1.2\jre\jre\bin\java.dll
0x00007ff993a10000 - 0x00007ff993a26000 	E:\AndroidStdio\android-studio-4.1.2\jre\jre\bin\zip.dll
0x00007ff9a2c80000 - 0x00007ff9a33bf000 	C:\WINDOWS\System32\SHELL32.dll
0x00007ff99f890000 - 0x00007ff9a0020000 	C:\WINDOWS\SYSTEM32\windows.storage.dll
0x00007ff9a20b0000 - 0x00007ff9a2405000 	C:\WINDOWS\System32\combase.dll
0x00007ff9a11e0000 - 0x00007ff9a120c000 	C:\WINDOWS\SYSTEM32\Wldp.dll
0x00007ff9a3450000 - 0x00007ff9a34fe000 	C:\WINDOWS\System32\SHCORE.dll
0x00007ff9a35f0000 - 0x00007ff9a3645000 	C:\WINDOWS\System32\shlwapi.dll
0x00007ff9a16c0000 - 0x00007ff9a16df000 	C:\WINDOWS\SYSTEM32\profapi.dll
0x00007ff985340000 - 0x00007ff98535a000 	E:\AndroidStdio\android-studio-4.1.2\jre\jre\bin\net.dll
0x00007ff9a0f40000 - 0x00007ff9a0faa000 	C:\WINDOWS\system32\mswsock.dll
0x00007ff982db0000 - 0x00007ff982dc3000 	E:\AndroidStdio\android-studio-4.1.2\jre\jre\bin\nio.dll
0x00007ff988760000 - 0x00007ff988787000 	C:\Users\DhaliAbir\.gradle\native\f6784746aeab05261644944871eae4fe03e0ef1612fff0a4a95f87b438bc6780\windows-amd64\native-platform.dll
0x00007ff99a9f0000 - 0x00007ff99a9fd000 	E:\AndroidStdio\android-studio-4.1.2\jre\jre\bin\management.dll
0x00007ff9a1130000 - 0x00007ff9a1148000 	C:\WINDOWS\SYSTEM32\CRYPTSP.dll
0x00007ff9a0850000 - 0x00007ff9a0884000 	C:\WINDOWS\system32\rsaenh.dll
0x00007ff9a1780000 - 0x00007ff9a17a7000 	C:\WINDOWS\System32\bcrypt.dll
0x00007ff9a1680000 - 0x00007ff9a16ae000 	C:\WINDOWS\SYSTEM32\USERENV.dll
0x00007ff9a1f70000 - 0x00007ff9a1ff3000 	C:\WINDOWS\System32\bcryptprimitives.dll
0x00007ff9a1150000 - 0x00007ff9a115c000 	C:\WINDOWS\SYSTEM32\CRYPTBASE.dll
0x00007ff9a0be0000 - 0x00007ff9a0c1b000 	C:\WINDOWS\SYSTEM32\IPHLPAPI.DLL
0x00007ff9a2650000 - 0x00007ff9a2658000 	C:\WINDOWS\System32\NSI.dll
0x00007ff995f00000 - 0x00007ff995f17000 	C:\WINDOWS\SYSTEM32\dhcpcsvc6.DLL
0x00007ff995db0000 - 0x00007ff995dcd000 	C:\WINDOWS\SYSTEM32\dhcpcsvc.DLL
0x00007ff9a0c20000 - 0x00007ff9a0cec000 	C:\WINDOWS\SYSTEM32\DNSAPI.dll
0x00007ff995fb0000 - 0x00007ff995fbb000 	C:\WINDOWS\SYSTEM32\WINNSI.DLL
0x00007ff96d8c0000 - 0x00007ff96da5c000 	E:\AndroidStdio\android-studio-4.1.2\jre\jre\bin\awt.dll
0x00007ff9a2710000 - 0x00007ff9a27dd000 	C:\WINDOWS\System32\OLEAUT32.dll
0x00007ff99f130000 - 0x00007ff99f15f000 	C:\WINDOWS\SYSTEM32\dwmapi.dll
0x00007ff99c1e0000 - 0x00007ff99c7a0000 	C:\WINDOWS\SYSTEM32\d2d1.dll
0x00007ff99e120000 - 0x00007ff99e1b0000 	C:\WINDOWS\SYSTEM32\apphelp.dll
0x00007ff99efe0000 - 0x00007ff99f07e000 	C:\WINDOWS\system32\uxtheme.dll

VM Arguments:
jvm_args: -Xmx2048m -Dfile.encoding=UTF-8 -Duser.country=US -Duser.language=en -Duser.variant 
java_command: org.gradle.launcher.daemon.bootstrap.GradleDaemon 6.5
java_class_path (initial): C:\Users\DhaliAbir\.gradle\wrapper\dists\gradle-6.5-all\2oz4ud9k3tuxjg84bbf55q0tn\gradle-6.5\lib\gradle-launcher-6.5.jar
Launcher Type: SUN_STANDARD

Environment Variables:
PATH=F:\instantclient_11_2;C:\Program Files\Java\jre1.8.0_241\lib\ext\ojdbc14.jar;C:\Program Files (x86)\Common Files\Oracle\Java\javapath;C:\app\DhaliAbir\product\11.2.0\dbhome_1\bin;C:\ProgramData\Oracle\Java\javapath;C:\WINDOWS\system32;C:\WINDOWS;C:\WINDOWS\System32\Wbem;C:\WINDOWS\System32\WindowsPowerShell\v1.0\;C:\xampp\apache;C:\xampp\apache\bin;C:\WINDOWS\System32\OpenSSH\;C:\composer;C:\Program Files\Git\cmd;E:\flutter\FlutterSDK\flutter\bin;E:\xampp\php;C:\Users\DhaliAbir\AppData\Local\Programs\Python\Python38\Scripts\;C:\Users\DhaliAbir\AppData\Local\Programs\Python\Python38\;C:\Users\DhaliAbir\AppData\Local\Microsoft\WindowsApps;C:\Users\DhaliAbir\AppData\Roaming\Composer\vendor\bin;C:\Program Files\JetBrains\PhpStorm 2019.1.2\bin;
USERNAME=DhaliAbir
OS=Windows_NT
PROCESSOR_IDENTIFIER=Intel64 Family 6 Model 69 Stepping 1, GenuineIntel



---------------  S Y S T E M  ---------------

OS: Windows 10.0 , 64 bit Build 19041 (10.0.19041.1151)

CPU:total 4 (initial active 4) (2 cores per cpu, 2 threads per core) family 6 model 69 stepping 1, cmov, cx8, fxsr, mmx, sse, sse2, sse3, ssse3, sse4.1, sse4.2, popcnt, avx, avx2, aes, clmul, erms, lzcnt, ht, tsc, tscinvbit, bmi1, bmi2

Memory: 4k page, physical 8290328k(145176k free), swap 23074452k(6356k free)

vm_info: OpenJDK 64-Bit Server VM (25.242-b01) for windows-amd64 JRE (1.8.0_242-release-1644-b01), built by "builder" with MS VC++ 10.0 (VS2010)

time: Mon Sep 13 14:02:47 2021
timezone: Bangladesh Standard Time
elapsed time: 162 seconds (0d 0h 2m 42s)

