JvmtiExport can_access_local_variables 0
JvmtiExport can_hotswap_or_post_breakpoint 0
JvmtiExport can_post_on_exceptions 0
# 481 ciObject found
ciMethod java/lang/Object <init> ()V 4097 1 422392 0 0
ciMethod java/lang/Object hashCode ()I 2049 1 256 0 -1
ciMethod java/lang/Object equals (Ljava/lang/Object;)Z 2177 1 24573 0 -1
ciMethod java/lang/Object clone ()Ljava/lang/Object; 2049 1 256 0 -1
ciMethod java/lang/String <init> ([CII)V 2153 1 5470 0 704
ciMethod java/lang/String <init> ([BIILjava/lang/String;)V 2097 1 1291 0 -1
ciMethod java/lang/String <init> ([CZ)V 1785 1 11959 0 0
ciMethod java/lang/String length ()I 3089 1 195714 0 0
ciMethod java/lang/String charAt (I)C 4097 1 1078342 0 -1
ciMethod java/lang/String codePointAt (I)I 889 1 5241 0 -1
ciMethod java/lang/String getChars ([CI)V 2049 1 5378 0 0
ciMethod java/lang/String equals (Ljava/lang/Object;)Z 2145 11809 2453 0 -1
ciMethod java/lang/String equalsIgnoreCase (Ljava/lang/String;)Z 2049 1 5463 0 1472
ciMethod java/lang/String regionMatches (ZILjava/lang/String;II)Z 1369 1073 5305 0 1952
ciMethod java/lang/String startsWith (Ljava/lang/String;I)Z 2137 7217 4601 0 416
ciMethod java/lang/String endsWith (Ljava/lang/String;)Z 3105 1 17865 0 384
ciMethod java/lang/String lastIndexOf (I)I 2049 1 27825 0 288
ciMethod java/lang/String lastIndexOf (II)I 937 49313 950 0 288
ciMethod java/lang/String lastIndexOfSupplementary (II)I 0 0 1 0 -1
ciMethod java/lang/String substring (II)Ljava/lang/String; 2073 1 5613 0 992
ciMethod java/lang/String concat (Ljava/lang/String;)Ljava/lang/String; 2049 1 5378 0 896
ciMethod java/lang/String replace (CC)Ljava/lang/String; 833 41097 848 0 1152
ciMethod java/lang/String toUpperCase (Ljava/util/Locale;)Ljava/lang/String; 585 13353 730 0 2336
ciMethod java/lang/ClassLoader defineClass (Ljava/lang/String;[BIILjava/security/ProtectionDomain;)Ljava/lang/Class; 3177 1 5871 0 -1
ciMethod java/lang/ClassLoader definePackage (Ljava/lang/String;Ljava/lang/String;Ljava/lang/String;Ljava/lang/String;Ljava/lang/String;Ljava/lang/String;Ljava/lang/String;Ljava/net/URL;)Ljava/lang/Package; 1137 1 630 0 0
ciMethod java/lang/ClassLoader getPackage (Ljava/lang/String;)Ljava/lang/Package; 3073 1 5572 0 18432
ciMethod java/lang/System nanoTime ()J 3073 1 384 0 -1
ciMethod java/lang/System arraycopy (Ljava/lang/Object;ILjava/lang/Object;II)V 4097 1 512 0 -1
ciMethod java/lang/Throwable addSuppressed (Ljava/lang/Throwable;)V 0 0 1 0 -1
ciMethod java/security/SecureClassLoader defineClass (Ljava/lang/String;[BIILjava/security/CodeSource;)Ljava/lang/Class; 3177 1 5824 0 0
ciMethod java/security/SecureClassLoader defineClass (Ljava/lang/String;Ljava/nio/ByteBuffer;Ljava/security/CodeSource;)Ljava/lang/Class; 0 0 1 0 -1
ciMethod java/security/SecureClassLoader getProtectionDomain (Ljava/security/CodeSource;)Ljava/security/ProtectionDomain; 3177 1 5518 0 -1
ciMethod java/lang/ref/Reference get ()Ljava/lang/Object; 1041 1 130 0 -1
ciMethod java/lang/ref/Reference <init> (Ljava/lang/Object;)V 2521 1 15315 0 0
ciMethod java/lang/ref/Reference <init> (Ljava/lang/Object;Ljava/lang/ref/ReferenceQueue;)V 2049 1 25997 0 96
ciMethod java/lang/ref/SoftReference <init> (Ljava/lang/Object;)V 2057 1 4179 0 0
ciMethod java/lang/ref/SoftReference get ()Ljava/lang/Object; 2049 1 16542 0 96
ciMethod java/lang/Thread currentThread ()Ljava/lang/Thread; 2049 1 256 0 -1
ciMethod java/lang/Thread interrupt ()V 0 0 1 0 -1
ciMethod java/lang/Thread interrupted ()Z 4097 1 17146 0 -1
ciMethod java/util/Map get (Ljava/lang/Object;)Ljava/lang/Object; 0 0 1 0 -1
ciMethod java/util/Map put (Ljava/lang/Object;Ljava/lang/Object;)Ljava/lang/Object; 0 0 1 0 -1
ciMethod java/util/Hashtable <init> (IF)V 2049 1 511 0 0
ciMethod java/util/Hashtable <init> (I)V 801 1 100 0 0
ciMethod java/util/Hashtable <init> ()V 2049 1 411 0 0
ciMethod java/util/Hashtable get (Ljava/lang/Object;)Ljava/lang/Object; 2065 345 2176 0 -1
ciMethod java/util/Dictionary <init> ()V 2041 1 511 0 0
ciMethod sun/misc/Unsafe ensureClassInitialized (Ljava/lang/Class;)V 3073 1 384 0 -1
ciMethod java/io/ByteArrayInputStream <init> ([B)V 57 1 113 0 0
ciMethod java/io/InputStream <init> ()V 2049 1 12866 0 96
ciMethod java/io/InputStream read ([BII)I 9 1529 1 0 -1
ciMethod java/io/InputStream close ()V 0 0 1 0 -1
ciMethod java/net/URLClassLoader getAndVerifyPackage (Ljava/lang/String;Ljava/util/jar/Manifest;Ljava/net/URL;)Ljava/lang/Package; 4097 1 4744 0 0
ciMethod java/net/URLClassLoader definePackageInternal (Ljava/lang/String;Ljava/util/jar/Manifest;Ljava/net/URL;)V 3177 1 4742 0 0
ciMethod java/net/URLClassLoader defineClass (Ljava/lang/String;Lsun/misc/Resource;)Ljava/lang/Class; 1129 1 4750 0 0
ciMethod java/net/URLClassLoader definePackage (Ljava/lang/String;Ljava/util/jar/Manifest;Ljava/net/URL;)Ljava/lang/Package; 1137 1 548 0 0
ciMethod java/net/URLClassLoader isSealed (Ljava/lang/String;Ljava/util/jar/Manifest;)Z 2057 1 4195 0 0
ciMethod java/net/URLClassLoader access$000 (Ljava/net/URLClassLoader;)Lsun/misc/URLClassPath; 1041 1 130 0 0
ciMethod java/net/URLClassLoader access$100 (Ljava/net/URLClassLoader;Ljava/lang/String;Lsun/misc/Resource;)Ljava/lang/Class; 1129 1 4749 0 0
ciMethod java/util/jar/Manifest <init> (Ljava/io/InputStream;)V 193 1 87 0 0
ciMethod java/util/jar/Manifest <init> (Ljava/util/jar/JarVerifier;Ljava/io/InputStream;)V 249 1 185 0 0
ciMethod java/util/jar/Manifest getMainAttributes ()Ljava/util/jar/Attributes; 1025 1 128 0 0
ciMethod java/util/jar/Manifest getEntries ()Ljava/util/Map; 1025 1 128 0 0
ciMethod java/util/jar/Manifest getAttributes (Ljava/lang/String;)Ljava/util/jar/Attributes; 4097 1 4930 0 0
ciMethod java/util/jar/Manifest getTrustedAttributes (Ljava/lang/String;)Ljava/util/jar/Attributes; 3033 1 4822 0 0
ciMethod java/util/jar/Manifest read (Ljava/io/InputStream;)V 1529 401 190 0 -1
ciMethod java/util/jar/Manifest parseName ([BI)Ljava/lang/String; 401 1 50 0 -1
ciMethod java/security/CodeSource <init> (Ljava/net/URL;[Ljava/security/CodeSigner;)V 3177 1 5518 0 96
ciMethod java/lang/Character charCount (I)I 1217 1 15357 0 -1
ciMethod java/lang/Character toChars (I[CI)I 0 0 1 0 -1
ciMethod java/lang/Character toChars (I)[C 0 0 1 0 -1
ciMethod java/lang/Character toLowerCase (C)C 2057 1 18639 0 0
ciMethod java/lang/Character toLowerCase (I)I 4097 1 129233 0 160
ciMethod java/lang/Character toUpperCase (C)C 2233 1 15399 0 192
ciMethod java/lang/Character toUpperCase (I)I 2233 1 15399 0 0
ciMethod java/lang/Character toUpperCaseEx (I)I 2329 1 26730 0 -1
ciMethod java/lang/Character toUpperCaseCharArray (I)[C 0 0 1 0 -1
ciMethod java/lang/Float isNaN (F)Z 2865 1 5195 0 0
ciMethod java/lang/Float floatToRawIntBits (F)I 9 1 1 0 -1
ciMethod java/util/Comparator compare (Ljava/lang/Object;Ljava/lang/Object;)I 0 0 1 0 -1
ciMethod java/util/AbstractList <init> ()V 2057 1 26185 0 0
ciMethod java/util/AbstractCollection <init> ()V 2577 1 39496 0 32
ciMethod java/util/ArrayList <init> ()V 1497 1 11683 0 64
ciMethod java/util/ArrayList get (I)Ljava/lang/Object; 2129 1 9405 0 -1
ciMethod java/util/AbstractMap <init> ()V 1353 1 10759 0 0
ciMethod sun/misc/SharedSecrets javaUtilJarAccess ()Lsun/misc/JavaUtilJarAccess; 2057 1 9837 0 0
ciMethod java/util/HashMap hash (Ljava/lang/Object;)I 3105 1 46136 0 0
ciMethod java/util/HashMap tableSizeFor (I)I 2057 1 3713 0 -1
ciMethod java/util/HashMap <init> (IF)V 2049 1 3610 0 0
ciMethod java/util/HashMap <init> (I)V 2049 1 1358 0 0
ciMethod java/util/HashMap <init> ()V 873 1 5314 0 32
ciMethod java/util/HashMap get (Ljava/lang/Object;)Ljava/lang/Object; 3073 1 18096 0 672
ciMethod java/util/HashMap getNode (ILjava/lang/Object;)Ljava/util/HashMap$Node; 2369 9 13621 0 0
ciMethod java/util/HashMap put (Ljava/lang/Object;Ljava/lang/Object;)Ljava/lang/Object; 905 1 13465 0 -1
ciMethod java/lang/Math max (II)I 1009 1 83839 0 -1
ciMethod java/lang/Math min (II)I 3041 1 83560 0 -1
ciMethod java/lang/Math min (FF)F 2049 1 540 0 0
ciMethod java/io/OutputStream <init> ()V 2057 1 2296 0 0
ciMethod java/util/Arrays copyOf ([BI)[B 2049 1 21403 0 -1
ciMethod java/util/Arrays copyOf ([CI)[C 937 1 23676 0 0
ciMethod java/util/Arrays copyOfRange ([CII)[C 2361 1 5460 0 512
ciMethodData java/lang/Object <init> ()V 2 422392 orig 264 88 29 205 86 0 0 0 0 128 4 184 22 0 0 0 0 32 1 0 0 0 0 0 0 0 0 0 0 0 0 0 0 0 0 0 0 0 0 0 0 0 0 0 0 0 0 0 0 0 0 0 0 0 0 0 0 0 0 0 0 0 0 0 0 0 0 0 0 0 0 0 0 0 0 0 0 0 0 0 0 77 68 79 32 101 120 116 114 97 32 100 97 116 97 32 108 111 99 107 0 0 0 0 0 0 0 0 0 0 0 0 0 0 0 0 0 0 0 0 0 0 0 0 0 0 0 0 0 0 0 0 0 0 0 0 0 0 0 0 0 0 0 0 0 0 0 0 0 0 0 0 0 0 0 0 0 0 0 0 0 0 0 0 0 0 0 0 0 0 0 0 0 0 0 0 0 0 0 0 0 0 0 0 0 1 0 0 0 0 0 0 0 1 0 0 0 0 0 0 0 1 0 0 0 0 0 0 0 0 0 0 0 0 0 0 0 0 2 0 0 193 127 51 0 1 0 0 0 0 0 0 0 0 0 0 0 2 0 0 0 0 0 3 0 1 0 0 0 0 0 0 0 255 255 255 255 0 0 0 0 0 0 0 0 data 0 oops 0
ciMethod java/lang/IllegalArgumentException <init> (Ljava/lang/String;)V 0 0 1 0 -1
ciMethod sun/misc/MetaIndex mayContain (Ljava/lang/String;)Z 3257 5033 3474 0 -1
ciMethod java/util/Locale getLanguage ()Ljava/lang/String; 425 1 1387 0 -1
ciMethod java/lang/CharacterData toLowerCase (I)I 0 0 1 0 -1
ciMethod java/lang/CharacterData toUpperCase (I)I 0 0 1 0 -1
ciMethod java/lang/CharacterData of (I)Ljava/lang/CharacterData; 4097 1 5664 0 96
ciMethod java/lang/CharacterDataLatin1 getProperties (I)I 4097 1 35600 0 -1
ciMethod java/lang/CharacterDataLatin1 toLowerCase (I)I 4097 1 8937 0 160
ciMethod java/lang/CharacterDataLatin1 toUpperCase (I)I 3081 1 6615 0 160
ciMethod java/util/HashMap$TreeNode getTreeNode (ILjava/lang/Object;)Ljava/util/HashMap$TreeNode; 0 0 1 0 -1
ciMethodData java/lang/Character toLowerCase (I)I 2 129233 orig 264 88 29 205 86 0 0 0 0 88 204 193 22 0 0 0 0 136 1 0 0 0 0 0 0 0 0 0 0 0 0 0 0 0 0 0 0 0 0 0 0 0 0 0 0 0 0 0 0 0 0 0 0 0 0 0 0 0 0 0 0 0 0 0 0 0 0 0 0 0 0 0 0 0 0 0 0 0 0 0 0 77 68 79 32 101 120 116 114 97 32 100 97 116 97 32 108 111 99 107 0 0 0 0 0 0 0 0 0 0 0 0 0 0 0 0 0 0 0 0 0 0 0 0 0 0 0 0 0 0 0 0 0 0 0 0 0 0 0 0 0 0 0 0 0 0 0 0 0 0 0 0 0 0 0 0 0 0 0 0 0 0 0 0 0 0 0 0 0 0 0 0 0 0 0 0 0 0 0 0 0 0 0 0 0 0 0 0 0 0 0 0 0 0 0 0 0 0 0 0 0 0 0 0 0 0 0 0 0 0 0 0 0 0 0 0 0 0 2 0 0 137 182 15 0 1 0 0 0 0 0 0 0 0 0 0 0 2 0 0 0 0 0 3 0 2 0 0 0 64 0 0 0 255 255 255 255 2 0 1 0 0 0 0 0 data 8 0x10002 0x1f6d1 0x50005 0x0 0x1bbe05f0 0x1f6d1 0x0 0x0 oops 1